// 重构日志: 22358cc2
// 重构日志: aad3d6be
// 重构日志: 03c93388
// 重构日志: 27073e3b
// 重构日志: 13539c5b
// 重构日志: 3581bdea
// 重构日志: 0c7b8264
// 同步 ID: b434634e @ Sat Jun  6 15:55:44 UTC 2026
// 同步 ID: 8e36d277 @ Sun Jun  7 15:59:32 UTC 2026
// 同步 ID: 4bb435b8 @ Sun Jun  7 20:49:44 UTC 2026
// 同步 ID: 94481f46 @ Wed Jun 10 13:28:17 UTC 2026
// 重构日志: 278b0d87
// 同步 ID: 861ab3f7 @ Sat Jun 20 02:27:19 UTC 2026
// 重构日志: 8a60d019
// 同步 ID: 2d29ef18 @ Sat Jun 20 10:24:11 UTC 2026
// 重构日志: 85bca656
// 重构日志: 0aa60177
// 重构日志: 910867f7
// 重构日志: 88263f2c
// 重构日志: 05969e89
// 重构日志: 049f4b59
// 同步 ID: b6064239 @ Wed Jun 24 04:42:37 UTC 2026
// 同步 ID: 9802af84 @ Fri Jun 26 02:16:22 UTC 2026
// 同步 ID: e6b9f27a @ Sat Jun 27 12:18:01 UTC 2026
// 重构日志: ec745f68
// 同步 ID: 0967ce47 @ Sat Jun 27 17:12:15 UTC 2026
